
=== calc_shortest.py | 2025-08-28 14:15:45 ===
STATUS: External OK rc=0
--- STDOUT ---
[CALC] Vertices:259 Edges:212 StartPoints:50 EndPoint:[-24.92229461134604, 29.45119062832499, 5.413385826771782]
[CALC] Clusters: 1
[CALC] Base graph vertex count: 257
[CALC] After inserting / projecting: vertices:259 edges:212
[CALC] Final graph vertex count: 257
Wire.ByVertices - Warning: The wire is made of only one edge.
Wire.ByVertices - Warning: The wire is made of only one edge.
[CALC] Results written: C:\Users\JacksonAugusto\Documents\GitHub\WWTpyRevit\WWT Tools.extension\WWT Tools.tab\Work Set.panel\Cable Length Calculation.pushbutton\topologic_results.json
[CALC] Summary: 50 success / 50 total in 1.92s


=== calc_shortest.py | 2025-08-28 14:48:15 ===
STATUS: External OK rc=0
--- STDOUT ---
[CALC] Vertices:216 TotalEdges:215 InfraEdges:115 DeviceEdges:100 StartPoints:50
[CALC] Graph vertices: 213 (post-merge)
[CALC] WARN end point mapping distance 2.435737 > tolerance
[CALC] End maps to idx 180 dist 2.435737
[CALC] WARN start element 122379883 mapping distance 0.016404
[CALC] WARN start element 122403679 mapping distance 0.295276
[CALC] WARN start element 122403870 mapping distance 0.295276
[CALC] WARN start element 122404377 mapping distance 0.295276
[CALC] WARN start element 122404378 mapping distance 0.295276
[CALC] WARN start element 122404395 mapping distance 0.295276
[CALC] WARN start element 122405596 mapping distance 0.290354
[CALC] WARN start element 122405719 mapping distance 0.290354
[CALC] WARN start element 122405821 mapping distance 0.290354
[CALC] WARN start element 122406090 mapping distance 0.290354
[CALC] WARN start element 122406092 mapping distance 0.290354
[CALC] WARN start element 122406093 mapping distance 0.290354
[CALC] WARN start element 122406103 mapping distance 0.290354
[CALC] WARN start element 122406104 mapping distance 0.290354
[CALC] WARN start element 122406105 mapping distance 0.290354
[CALC] WARN start element 122408928 mapping distance 0.295276
[CALC] WARN start element 122409016 mapping distance 0.295276
[CALC] WARN start element 122409188 mapping distance 0.295276
[CALC] WARN start element 122409386 mapping distance 0.295276
[CALC] WARN start element 122409530 mapping distance 0.295276
[CALC] WARN start element 122409599 mapping distance 0.295276
[CALC] WARN start element 122409601 mapping distance 0.295276
[CALC] WARN start element 122409611 mapping distance 0.295276
[CALC] WARN start element 122409612 mapping distance 0.295276
[CALC] WARN start element 122426784 mapping distance 0.684724
[CALC] WARN start element 122428793 mapping distance 2.321194
[CALC] WARN start element 122428989 mapping distance 2.321194
[CALC] WARN start element 122429657 mapping distance 2.591864
[CALC] WARN start element 122430316 mapping distance 2.321194
[CALC] WARN start element 122432824 mapping distance 2.591864
[CALC] WARN start element 123155286 mapping distance 0.295276
[CALC] WARN start element 123156630 mapping distance 0.295276
[CALC] WARN start element 123157644 mapping distance 0.295276
[CALC] WARN start element 123161047 mapping distance 2.321194
[CALC] WARN start element 123919502 mapping distance 1.897966
[CALC] WARN start element 123925160 mapping distance 2.427821
[CALC] WARN start element 123926918 mapping distance 2.414698
[CALC] WARN start element 123936318 mapping distance 2.919948
[CALC] WARN start element 123966121 mapping distance 2.427821
[CALC] WARN start element 123970330 mapping distance 1.993110
[CALC] WARN start element 123973560 mapping distance 3.059383
[CALC] WARN start element 123982528 mapping distance 1.982325
[CALC] WARN start element 124000464 mapping distance 1.779569
[CALC] WARN start element 124002613 mapping distance 2.263780
[CALC] WARN start element 124855983 mapping distance 0.290354
[CALC] WARN start element 124862091 mapping distance 2.919948
[CALC] WARN start element 125209029 mapping distance 1.779569
[CALC] WARN start element 125239789 mapping distance 2.306940
[CALC] WARN start element 125241583 mapping distance 1.779569
[CALC] WARN start element 125262664 mapping distance 0.656168
[CALC] Mapped starts: 50
[CALC] Results written: C:\Users\JacksonAugusto\Documents\GitHub\WWTpyRevit\WWT Tools.extension\WWT Tools.tab\Work Set.panel\Cable Length Calculation.pushbutton\topologic_results.json
[CALC] Summary: 50 success / 50 total


=== calc_shortest.py | 2025-08-28 15:19:49 ===
STATUS: External OK rc=0
--- STDOUT ---
[CALC] Vertices:173 InfraEdges:131 DeviceEdges:41 TotalEdges:172 Starts:25
[CALC] Graph vertices: 171
[CALC] WARN end mapping distance 2.435737
[CALC] WARN start 123283404 mapping distance 0.883963
[CALC] WARN start 123288270 mapping distance 1.385572
[CALC] WARN start 123289659 mapping distance 1.881456
[CALC] WARN start 124944699 mapping distance 1.804462
[CALC] WARN start 124944700 mapping distance 1.804462
[CALC] WARN start 124957229 mapping distance 0.188648
[CALC] WARN start 124957230 mapping distance 2.919948
[CALC] WARN start 124957761 mapping distance 0.188648
[CALC] WARN start 124957762 mapping distance 1.804462
[CALC] WARN start 124958069 mapping distance 0.188648
[CALC] WARN start 124958070 mapping distance 2.919948
[CALC] WARN start 124958386 mapping distance 0.188648
[CALC] WARN start 124958387 mapping distance 1.804462
[CALC] WARN start 124958814 mapping distance 0.188648
[CALC] WARN start 124958815 mapping distance 1.804462
[CALC] WARN start 124959245 mapping distance 0.188648
[CALC] WARN start 124959246 mapping distance 1.804462
[CALC] WARN start 124959537 mapping distance 0.188648
[CALC] WARN start 124959538 mapping distance 1.804462
[CALC] WARN start 124959666 mapping distance 1.804462
[CALC] WARN start 124959667 mapping distance 1.804462
[CALC] WARN start 124959866 mapping distance 0.188648
[CALC] WARN start 124959867 mapping distance 1.804462
[CALC] WARN start 124960022 mapping distance 0.188648
[CALC] WARN start 124960023 mapping distance 1.804462
[CALC] Mapped starts: 25
[CALC] Results written: C:\Users\JacksonAugusto\Documents\GitHub\WWTpyRevit\WWT Tools.extension\WWT Tools.tab\Work Set.panel\Cable Length Calculation.pushbutton\topologic_results.json
[CALC] Summary: 19 success / 25 total


=== calc_shortest.py | 2025-08-28 15:22:40 ===
STATUS: External OK rc=0
--- STDOUT ---
[CALC] Vertices:173 InfraEdges:131 DeviceEdges:41 TotalEdges:172 Starts:25
[CALC] Graph vertices: 171
[CALC] WARN end mapping distance 2.435737
[CALC] WARN start 123283404 mapping distance 0.883963
[CALC] WARN start 123288270 mapping distance 1.385572
[CALC] WARN start 123289659 mapping distance 1.881456
[CALC] WARN start 124944699 mapping distance 1.804462
[CALC] WARN start 124944700 mapping distance 1.804462
[CALC] WARN start 124957229 mapping distance 0.188648
[CALC] WARN start 124957230 mapping distance 2.919948
[CALC] WARN start 124957761 mapping distance 0.188648
[CALC] WARN start 124957762 mapping distance 1.804462
[CALC] WARN start 124958069 mapping distance 0.188648
[CALC] WARN start 124958070 mapping distance 2.919948
[CALC] WARN start 124958386 mapping distance 0.188648
[CALC] WARN start 124958387 mapping distance 1.804462
[CALC] WARN start 124958814 mapping distance 0.188648
[CALC] WARN start 124958815 mapping distance 1.804462
[CALC] WARN start 124959245 mapping distance 0.188648
[CALC] WARN start 124959246 mapping distance 1.804462
[CALC] WARN start 124959537 mapping distance 0.188648
[CALC] WARN start 124959538 mapping distance 1.804462
[CALC] WARN start 124959666 mapping distance 1.804462
[CALC] WARN start 124959667 mapping distance 1.804462
[CALC] WARN start 124959866 mapping distance 0.188648
[CALC] WARN start 124959867 mapping distance 1.804462
[CALC] WARN start 124960022 mapping distance 0.188648
[CALC] WARN start 124960023 mapping distance 1.804462
[CALC] Mapped starts: 25
[CALC] Results written: C:\Users\JacksonAugusto\Documents\GitHub\WWTpyRevit\WWT Tools.extension\WWT Tools.tab\Work Set.panel\Cable Length Calculation.pushbutton\topologic_results.json
[CALC] Summary: 19 success / 25 total


=== calc_shortest.py | 2025-08-31 17:56:41 ===
STATUS: External OK rc=0
--- STDOUT ---
[CALC] Vertices:285 InfraEdges:171 DeviceEdges:113 TotalEdges:284 Starts:61
[CALC] Graph vertices: 283
[CALC] WARN end mapping distance 2.435737
[CALC] WARN start 123283404 mapping distance 0.096948
[CALC] WARN start 123288270 mapping distance 0.361876
[CALC] WARN start 123289659 mapping distance 0.849632
[CALC] WARN start 124944699 mapping distance 1.804462
[CALC] WARN start 124944700 mapping distance 1.804462
[CALC] WARN start 124957229 mapping distance 0.188648
[CALC] WARN start 124957230 mapping distance 2.919948
[CALC] WARN start 124957761 mapping distance 0.188648
[CALC] WARN start 124957762 mapping distance 1.804462
[CALC] WARN start 124958069 mapping distance 0.188648
[CALC] WARN start 124958070 mapping distance 2.919948
[CALC] WARN start 124958386 mapping distance 0.188648
[CALC] WARN start 124958387 mapping distance 1.804462
[CALC] WARN start 124958814 mapping distance 0.188648
[CALC] WARN start 124958815 mapping distance 1.804462
[CALC] WARN start 124959245 mapping distance 0.188648
[CALC] WARN start 124959246 mapping distance 1.804462
[CALC] WARN start 124959537 mapping distance 0.188648
[CALC] WARN start 124959538 mapping distance 1.804462
[CALC] WARN start 124959666 mapping distance 1.804462
[CALC] WARN start 124959667 mapping distance 1.804462
[CALC] WARN start 124959866 mapping distance 0.188648
[CALC] WARN start 124959867 mapping distance 1.804462
[CALC] WARN start 124960022 mapping distance 0.188648
[CALC] WARN start 124960023 mapping distance 1.804462
[CALC] WARN start 125320706 mapping distance 0.295276
[CALC] WARN start 125325159 mapping distance 0.295276
[CALC] WARN start 125325544 mapping distance 0.295276
[CALC] WARN start 125325645 mapping distance 0.295276
[CALC] WARN start 125325771 mapping distance 0.295276
[CALC] WARN start 125325877 mapping distance 0.295276
[CALC] WARN start 125326067 mapping distance 0.295276
[CALC] WARN start 125326382 mapping distance 0.295276
[CALC] WARN start 125326634 mapping distance 0.295276
[CALC] WARN start 125326921 mapping distance 0.295276
[CALC] WARN start 125327675 mapping distance 0.295276
[CALC] WARN start 125328767 mapping distance 0.295276
[CALC] WARN start 125328918 mapping distance 0.295276
[CALC] WARN start 125329075 mapping distance 0.295276
[CALC] WARN start 125329222 mapping distance 0.295276
[CALC] WARN start 125329359 mapping distance 0.295276
[CALC] WARN start 125329689 mapping distance 0.295276
[CALC] WARN start 125338194 mapping distance 0.295276
[CALC] WARN start 125338201 mapping distance 0.295276
[CALC] WARN start 125338208 mapping distance 0.295276
[CALC] WARN start 125338215 mapping distance 0.295276
[CALC] WARN start 125338222 mapping distance 0.295276
[CALC] WARN start 125338229 mapping distance 0.295276
[CALC] WARN start 125338236 mapping distance 0.295276
[CALC] WARN start 125338243 mapping distance 0.295276
[CALC] WARN start 125338250 mapping distance 0.295276
[CALC] WARN start 125338300 mapping distance 0.295276
[CALC] WARN start 125338459 mapping distance 0.295276
[CALC] WARN start 125338527 mapping distance 0.295276
[CALC] WARN start 125338534 mapping distance 0.295276
[CALC] WARN start 125338541 mapping distance 0.295276
[CALC] WARN start 125338548 mapping distance 0.295276
[CALC] WARN start 125338555 mapping distance 0.295276
[CALC] WARN start 125338562 mapping distance 0.295276
[CALC] WARN start 125338569 mapping distance 0.295276
[CALC] WARN start 125338576 mapping distance 0.295276
[CALC] Mapped starts: 61
[CALC] Results written: C:\Users\JacksonAugusto\Documents\GitHub\WWTpyRevit\WWT Tools.extension\WWT Tools.tab\Work Set.panel\Cable Length Calculation.pushbutton\topologic_results.json
[CALC] Summary: 61 success / 61 total


=== calc_shortest.py | 2025-08-31 18:00:55 ===
STATUS: External OK rc=0
--- STDOUT ---
[CALC] Vertices:127 InfraEdges:124 DeviceEdges:2 TotalEdges:126 Starts:1
[CALC] Graph vertices: 126
[CALC] WARN end mapping distance 2.435737
[CALC] WARN start 125352631 mapping distance 0.295276
[CALC] Mapped starts: 1
[CALC] Results written: C:\Users\JacksonAugusto\Documents\GitHub\WWTpyRevit\WWT Tools.extension\WWT Tools.tab\Work Set.panel\Cable Length Calculation.pushbutton\topologic_results.json
[CALC] Summary: 1 success / 1 total


=== calc_shortest.py | 2025-09-01 09:05:17 ===
STATUS: External OK rc=0
--- STDOUT ---
[CALC] Vertices:310 InfraEdges:182 DeviceEdges:127 TotalEdges:309 Starts:65
[CALC] Graph vertices: 308
[CALC] WARN end mapping distance 0.656168
[CALC] WARN start 122379883 mapping distance 0.016404
[CALC] WARN start 122403679 mapping distance 0.295276
[CALC] WARN start 122403870 mapping distance 0.295276
[CALC] WARN start 122404377 mapping distance 0.295276
[CALC] WARN start 122404378 mapping distance 0.295276
[CALC] WARN start 122404395 mapping distance 0.295276
[CALC] WARN start 122405596 mapping distance 0.290354
[CALC] WARN start 122405719 mapping distance 0.290354
[CALC] WARN start 122405821 mapping distance 0.290354
[CALC] WARN start 122406090 mapping distance 0.290354
[CALC] WARN start 122406092 mapping distance 0.290354
[CALC] WARN start 122406093 mapping distance 0.290354
[CALC] WARN start 122406103 mapping distance 0.290354
[CALC] WARN start 122406104 mapping distance 0.290354
[CALC] WARN start 122406105 mapping distance 0.290354
[CALC] WARN start 122408928 mapping distance 0.295276
[CALC] WARN start 122409016 mapping distance 0.295276
[CALC] WARN start 122409188 mapping distance 0.295276
[CALC] WARN start 122409386 mapping distance 0.295276
[CALC] WARN start 122409530 mapping distance 0.295276
[CALC] WARN start 122409599 mapping distance 0.295276
[CALC] WARN start 122409601 mapping distance 0.295276
[CALC] WARN start 122409611 mapping distance 0.295276
[CALC] WARN start 122409612 mapping distance 0.295276
[CALC] WARN start 122426784 mapping distance 2.948503
[CALC] WARN start 122428793 mapping distance 2.321194
[CALC] WARN start 122428989 mapping distance 2.321194
[CALC] WARN start 122432824 mapping distance 2.591864
[CALC] WARN start 123155286 mapping distance 0.295276
[CALC] WARN start 123156630 mapping distance 0.295276
[CALC] WARN start 123157644 mapping distance 0.295276
[CALC] WARN start 123919502 mapping distance 1.897966
[CALC] WARN start 123925160 mapping distance 2.427821
[CALC] WARN start 123926918 mapping distance 2.195865
[CALC] WARN start 123936318 mapping distance 1.993110
[CALC] WARN start 123966121 mapping distance 2.221927
[CALC] WARN start 123970330 mapping distance 1.993110
[CALC] WARN start 123973560 mapping distance 1.853675
[CALC] WARN start 123982528 mapping distance 1.677687
[CALC] WARN start 124000464 mapping distance 1.993110
[CALC] WARN start 124002613 mapping distance 2.649278
[CALC] WARN start 124855983 mapping distance 0.290354
[CALC] WARN start 124862091 mapping distance 2.919948
[CALC] WARN start 125209029 mapping distance 1.688398
[CALC] WARN start 125239789 mapping distance 2.606118
[CALC] WARN start 125241583 mapping distance 1.686741
[CALC] WARN start 125262664 mapping distance 3.606899
[CALC] WARN start 125281428 mapping distance 2.591864
[CALC] WARN start 125282295 mapping distance 2.321194
[CALC] WARN start 125282571 mapping distance 2.321194
[CALC] WARN start 125282861 mapping distance 2.321194
[CALC] WARN start 125283117 mapping distance 2.321194
[CALC] WARN start 125283494 mapping distance 2.321194
[CALC] WARN start 125286537 mapping distance 2.321194
[CALC] WARN start 125287728 mapping distance 2.591864
[CALC] WARN start 125287957 mapping distance 2.321194
[CALC] WARN start 125299451 mapping distance 2.649278
[CALC] WARN start 125301339 mapping distance 2.649278
[CALC] WARN start 125301802 mapping distance 2.649278
[CALC] WARN start 125303108 mapping distance 2.263780
[CALC] WARN start 125303617 mapping distance 2.649278
[CALC] WARN start 125304206 mapping distance 2.263780
[CALC] WARN start 125307540 mapping distance 1.156496
[CALC] WARN start 125307679 mapping distance 0.991079
[CALC] WARN start 125307925 mapping distance 1.402559
[CALC] Mapped starts: 65
Wire.ByVertices - Warning: The wire is made of only one edge.
Wire.ByVertices - Warning: The wire is made of only one edge.
[CALC] Results written: C:\Users\JacksonAugusto\Documents\GitHub\WWTpyRevit\WWT Tools.extension\WWT Tools.tab\Work Set.panel\Cable Length Calculation.pushbutton\topologic_results.json
[CALC] Summary: 65 success / 65 total


=== calc_shortest.py | 2025-09-01 09:44:20 ===
STATUS: External OK rc=0
--- STDOUT ---
[CALC] Vertices:551 InfraEdges:281 DeviceEdges:269 TotalEdges:550 Starts:175
[CALC] Graph vertices: 550
[CALC] WARN end mapping distance 0.656168
[CALC] WARN start 122527696 mapping distance 0.188648
[CALC] WARN start 124722440 mapping distance 0.142717
[CALC] WARN start 124722445 mapping distance 0.142717
[CALC] WARN start 124722446 mapping distance 0.142717
[CALC] WARN start 124722447 mapping distance 0.142717
[CALC] WARN start 124722501 mapping distance 0.142717
[CALC] WARN start 124722506 mapping distance 0.142717
[CALC] WARN start 124722507 mapping distance 0.142717
[CALC] WARN start 124722508 mapping distance 0.142717
[CALC] WARN start 124722509 mapping distance 0.142717
[CALC] WARN start 124722514 mapping distance 0.142717
[CALC] WARN start 124722515 mapping distance 0.142717
[CALC] WARN start 124722516 mapping distance 0.142717
[CALC] WARN start 124722517 mapping distance 0.142717
[CALC] WARN start 124722522 mapping distance 0.142717
[CALC] WARN start 124722523 mapping distance 0.142717
[CALC] WARN start 124722524 mapping distance 0.142717
[CALC] WARN start 124722525 mapping distance 0.142717
[CALC] WARN start 124722530 mapping distance 0.142717
[CALC] WARN start 124722531 mapping distance 0.142717
[CALC] WARN start 124722532 mapping distance 0.142717
[CALC] WARN start 124722533 mapping distance 0.142717
[CALC] WARN start 124722538 mapping distance 0.142717
[CALC] WARN start 124722539 mapping distance 0.142717
[CALC] WARN start 124722540 mapping distance 0.142717
[CALC] WARN start 124722541 mapping distance 0.142717
[CALC] WARN start 124722546 mapping distance 0.142717
[CALC] WARN start 124722547 mapping distance 0.142717
[CALC] WARN start 124722548 mapping distance 0.142717
[CALC] WARN start 124722726 mapping distance 0.142717
[CALC] WARN start 124722731 mapping distance 0.142717
[CALC] WARN start 124722732 mapping distance 0.142717
[CALC] WARN start 124722733 mapping distance 0.142717
[CALC] WARN start 125008261 mapping distance 0.074546
[CALC] WARN start 125008782 mapping distance 0.122304
[CALC] WARN start 125008783 mapping distance 0.122304
[CALC] WARN start 125008915 mapping distance 0.074546
[CALC] WARN start 125014228 mapping distance 0.074546
[CALC] WARN start 125014430 mapping distance 0.074546
[CALC] WARN start 125014490 mapping distance 0.074546
[CALC] WARN start 125014606 mapping distance 0.074546
[CALC] WARN start 125014675 mapping distance 0.074546
[CALC] WARN start 125014944 mapping distance 0.074546
[CALC] WARN start 125015053 mapping distance 0.074546
[CALC] WARN start 125015133 mapping distance 0.074546
[CALC] WARN start 125015276 mapping distance 0.074546
[CALC] WARN start 125015403 mapping distance 0.074546
[CALC] WARN start 125015469 mapping distance 0.074546
[CALC] WARN start 125015844 mapping distance 0.074546
[CALC] WARN start 125016351 mapping distance 0.074546
[CALC] WARN start 125016352 mapping distance 0.074546
[CALC] WARN start 125016534 mapping distance 0.279033
[CALC] WARN start 125016535 mapping distance 0.279033
[CALC] WARN start 125017798 mapping distance 0.074546
[CALC] WARN start 125023109 mapping distance 0.088583
[CALC] WARN start 125023311 mapping distance 0.088583
[CALC] WARN start 125023327 mapping distance 0.088583
[CALC] WARN start 125023335 mapping distance 0.088583
[CALC] WARN start 125023343 mapping distance 0.088583
[CALC] WARN start 125023353 mapping distance 0.088583
[CALC] WARN start 125023516 mapping distance 0.088583
[CALC] WARN start 125023609 mapping distance 0.088583
[CALC] WARN start 125023617 mapping distance 0.088583
[CALC] WARN start 125023655 mapping distance 0.088583
[CALC] WARN start 125023671 mapping distance 0.088583
[CALC] WARN start 125023713 mapping distance 0.088583
[CALC] WARN start 125023721 mapping distance 0.088583
[CALC] WARN start 125023731 mapping distance 0.088583
[CALC] WARN start 125023813 mapping distance 0.088583
[CALC] WARN start 125023823 mapping distance 0.088583
[CALC] WARN start 125023839 mapping distance 0.088583
[CALC] WARN start 125023855 mapping distance 0.088583
[CALC] WARN start 125023865 mapping distance 0.088583
[CALC] WARN start 125024577 mapping distance 0.088583
[CALC] WARN start 125024625 mapping distance 0.088583
[CALC] WARN start 125024631 mapping distance 0.088583
[CALC] WARN start 125024637 mapping distance 0.088583
[CALC] WARN start 125024764 mapping distance 0.088583
[CALC] WARN start 125024780 mapping distance 0.088583
[CALC] WARN start 125024795 mapping distance 0.088583
[CALC] WARN start 125024853 mapping distance 0.088583
[CALC] WARN start 125024967 mapping distance 0.088583
[CALC] WARN start 125024968 mapping distance 0.088583
[CALC] WARN start 125025000 mapping distance 0.088583
[CALC] WARN start 125025313 mapping distance 0.088583
[CALC] WARN start 125025319 mapping distance 0.088583
[CALC] WARN start 125025389 mapping distance 0.088583
[CALC] WARN start 125025442 mapping distance 0.088583
[CALC] WARN start 125025458 mapping distance 0.088583
[CALC] WARN start 125025466 mapping distance 0.088583
[CALC] WARN start 125025617 mapping distance 0.088583
[CALC] WARN start 125025650 mapping distance 0.088583
[CALC] WARN start 125025682 mapping distance 0.088583
[CALC] WARN start 125025717 mapping distance 0.088583
[CALC] WARN start 125025893 mapping distance 0.088583
[CALC] WARN start 125025966 mapping distance 0.088583
[CALC] WARN start 125026012 mapping distance 0.088583
[CALC] WARN start 125026013 mapping distance 0.088583
[CALC] WARN start 125026019 mapping distance 0.088583
[CALC] WARN start 125026020 mapping distance 0.088583
[CALC] WARN start 125026026 mapping distance 0.088583
[CALC] WARN start 125026027 mapping distance 0.088583
[CALC] WARN start 125026033 mapping distance 0.088583
[CALC] WARN start 125026034 mapping distance 0.088583
[CALC] WARN start 125026041 mapping distance 0.088583
[CALC] WARN start 125027641 mapping distance 0.088583
[CALC] WARN start 125027672 mapping distance 0.088583
[CALC] WARN start 125035318 mapping distance 2.019656
[CALC] WARN start 125035319 mapping distance 2.019656
[CALC] WARN start 125035320 mapping distance 2.019669
[CALC] WARN start 125035321 mapping distance 2.019682
[CALC] WARN start 125141033 mapping distance 2.404557
[CALC] WARN start 125141034 mapping distance 2.404557
[CALC] WARN start 125141035 mapping distance 2.404543
[CALC] WARN start 125141036 mapping distance 2.404531
[CALC] WARN start 125141096 mapping distance 0.912372
[CALC] WARN start 125141097 mapping distance 0.912372
[CALC] WARN start 125141098 mapping distance 0.912386
[CALC] WARN start 125141099 mapping distance 0.912398
[CALC] WARN start 125143028 mapping distance 2.253638
[CALC] WARN start 125143029 mapping distance 2.253638
[CALC] WARN start 125143030 mapping distance 2.253625
[CALC] WARN start 125143031 mapping distance 2.253612
[CALC] WARN start 125144227 mapping distance 0.912372
[CALC] WARN start 125144228 mapping distance 0.912372
[CALC] WARN start 125144229 mapping distance 0.912386
[CALC] WARN start 125144230 mapping distance 0.912398
[CALC] WARN start 125144976 mapping distance 2.265719
[CALC] WARN start 125144977 mapping distance 2.265719
[CALC] WARN start 125144978 mapping distance 2.265732
[CALC] WARN start 125144979 mapping distance 2.265745
[CALC] WARN start 125152207 mapping distance 2.175565
[CALC] WARN start 125205838 mapping distance 2.606316
[CALC] WARN start 125205839 mapping distance 2.606295
[CALC] WARN start 125255224 mapping distance 3.622490
[CALC] WARN start 125255748 mapping distance 0.074546
[CALC] WARN start 125255908 mapping distance 0.074546
[CALC] WARN start 125255985 mapping distance 2.591864
[CALC] WARN start 125257882 mapping distance 2.591864
[CALC] WARN start 125260329 mapping distance 2.591864
[CALC] WARN start 125262589 mapping distance 2.919948
[CALC] WARN start 125262726 mapping distance 2.305753
[CALC] WARN start 125262805 mapping distance 2.321194
[CALC] WARN start 125268752 mapping distance 0.088583
[CALC] WARN start 125271378 mapping distance 0.088583
[CALC] WARN start 125271459 mapping distance 0.088583
[CALC] WARN start 125272017 mapping distance 0.088583
[CALC] WARN start 125272160 mapping distance 0.088583
[CALC] WARN start 125272242 mapping distance 0.088583
[CALC] WARN start 125272248 mapping distance 0.088583
[CALC] WARN start 125272254 mapping distance 0.088583
[CALC] WARN start 125272260 mapping distance 0.088583
[CALC] WARN start 125272266 mapping distance 0.088583
[CALC] WARN start 125272377 mapping distance 0.088583
[CALC] WARN start 125272383 mapping distance 0.088583
[CALC] WARN start 125272389 mapping distance 0.088583
[CALC] WARN start 125272395 mapping distance 0.088583
[CALC] WARN start 125272415 mapping distance 0.088583
[CALC] WARN start 125272739 mapping distance 0.088583
[CALC] WARN start 125272785 mapping distance 0.088583
[CALC] WARN start 125272786 mapping distance 0.088583
[CALC] WARN start 125273243 mapping distance 0.088583
[CALC] WARN start 125273473 mapping distance 0.088583
[CALC] WARN start 125273481 mapping distance 0.088583
[CALC] WARN start 125273489 mapping distance 0.088583
[CALC] WARN start 125273585 mapping distance 0.088583
[CALC] WARN start 125273638 mapping distance 0.088583
[CALC] WARN start 125273644 mapping distance 0.088583
[CALC] WARN start 125273656 mapping distance 0.088583
[CALC] WARN start 125273863 mapping distance 0.088583
[CALC] WARN start 125273927 mapping distance 0.088583
[CALC] WARN start 125274083 mapping distance 0.088583
[CALC] WARN start 125274170 mapping distance 0.088583
[CALC] WARN start 125274213 mapping distance 0.088583
[CALC] WARN start 125274425 mapping distance 0.088583
[CALC] Mapped starts: 175
Wire.ByVertices - Warning: The wire is made of only one edge.
Wire.ByVertices - Warning: The wire is made of only one edge.
[CALC] Results written: C:\Users\JacksonAugusto\Documents\GitHub\WWTpyRevit\WWT Tools.extension\WWT Tools.tab\Work Set.panel\Cable Length Calculation.pushbutton\topologic_results.json
[CALC] Summary: 175 success / 175 total


=== calc_shortest.py | 2025-09-01 09:52:47 ===
STATUS: External OK rc=0
--- STDOUT ---
[CALC] Vertices:551 InfraEdges:281 DeviceEdges:269 TotalEdges:550 Starts:175
[CALC] Graph vertices: 550
[CALC] WARN end mapping distance 0.656168
[CALC] WARN start 122527696 mapping distance 0.188648
[CALC] WARN start 124722440 mapping distance 0.142717
[CALC] WARN start 124722445 mapping distance 0.142717
[CALC] WARN start 124722446 mapping distance 0.142717
[CALC] WARN start 124722447 mapping distance 0.142717
[CALC] WARN start 124722501 mapping distance 0.142717
[CALC] WARN start 124722506 mapping distance 0.142717
[CALC] WARN start 124722507 mapping distance 0.142717
[CALC] WARN start 124722508 mapping distance 0.142717
[CALC] WARN start 124722509 mapping distance 0.142717
[CALC] WARN start 124722514 mapping distance 0.142717
[CALC] WARN start 124722515 mapping distance 0.142717
[CALC] WARN start 124722516 mapping distance 0.142717
[CALC] WARN start 124722517 mapping distance 0.142717
[CALC] WARN start 124722522 mapping distance 0.142717
[CALC] WARN start 124722523 mapping distance 0.142717
[CALC] WARN start 124722524 mapping distance 0.142717
[CALC] WARN start 124722525 mapping distance 0.142717
[CALC] WARN start 124722530 mapping distance 0.142717
[CALC] WARN start 124722531 mapping distance 0.142717
[CALC] WARN start 124722532 mapping distance 0.142717
[CALC] WARN start 124722533 mapping distance 0.142717
[CALC] WARN start 124722538 mapping distance 0.142717
[CALC] WARN start 124722539 mapping distance 0.142717
[CALC] WARN start 124722540 mapping distance 0.142717
[CALC] WARN start 124722541 mapping distance 0.142717
[CALC] WARN start 124722546 mapping distance 0.142717
[CALC] WARN start 124722547 mapping distance 0.142717
[CALC] WARN start 124722548 mapping distance 0.142717
[CALC] WARN start 124722726 mapping distance 0.142717
[CALC] WARN start 124722731 mapping distance 0.142717
[CALC] WARN start 124722732 mapping distance 0.142717
[CALC] WARN start 124722733 mapping distance 0.142717
[CALC] WARN start 125008261 mapping distance 0.074546
[CALC] WARN start 125008782 mapping distance 0.122304
[CALC] WARN start 125008783 mapping distance 0.122304
[CALC] WARN start 125008915 mapping distance 0.074546
[CALC] WARN start 125014228 mapping distance 0.074546
[CALC] WARN start 125014430 mapping distance 0.074546
[CALC] WARN start 125014490 mapping distance 0.074546
[CALC] WARN start 125014606 mapping distance 0.074546
[CALC] WARN start 125014675 mapping distance 0.074546
[CALC] WARN start 125014944 mapping distance 0.074546
[CALC] WARN start 125015053 mapping distance 0.074546
[CALC] WARN start 125015133 mapping distance 0.074546
[CALC] WARN start 125015276 mapping distance 0.074546
[CALC] WARN start 125015403 mapping distance 0.074546
[CALC] WARN start 125015469 mapping distance 0.074546
[CALC] WARN start 125015844 mapping distance 0.074546
[CALC] WARN start 125016351 mapping distance 0.074546
[CALC] WARN start 125016352 mapping distance 0.074546
[CALC] WARN start 125016534 mapping distance 0.074546
[CALC] WARN start 125016535 mapping distance 0.074546
[CALC] WARN start 125017798 mapping distance 0.074546
[CALC] WARN start 125023109 mapping distance 0.088583
[CALC] WARN start 125023311 mapping distance 0.088583
[CALC] WARN start 125023327 mapping distance 0.088583
[CALC] WARN start 125023335 mapping distance 0.088583
[CALC] WARN start 125023343 mapping distance 0.088583
[CALC] WARN start 125023353 mapping distance 0.088583
[CALC] WARN start 125023516 mapping distance 0.088583
[CALC] WARN start 125023609 mapping distance 0.088583
[CALC] WARN start 125023617 mapping distance 0.088583
[CALC] WARN start 125023655 mapping distance 0.088583
[CALC] WARN start 125023671 mapping distance 0.088583
[CALC] WARN start 125023713 mapping distance 0.088583
[CALC] WARN start 125023721 mapping distance 0.088583
[CALC] WARN start 125023731 mapping distance 0.088583
[CALC] WARN start 125023813 mapping distance 0.088583
[CALC] WARN start 125023823 mapping distance 0.088583
[CALC] WARN start 125023839 mapping distance 0.088583
[CALC] WARN start 125023855 mapping distance 0.088583
[CALC] WARN start 125023865 mapping distance 0.088583
[CALC] WARN start 125024577 mapping distance 0.088583
[CALC] WARN start 125024625 mapping distance 0.088583
[CALC] WARN start 125024631 mapping distance 0.088583
[CALC] WARN start 125024637 mapping distance 0.088583
[CALC] WARN start 125024764 mapping distance 0.088583
[CALC] WARN start 125024780 mapping distance 0.088583
[CALC] WARN start 125024795 mapping distance 0.088583
[CALC] WARN start 125024853 mapping distance 0.088583
[CALC] WARN start 125024967 mapping distance 0.088583
[CALC] WARN start 125024968 mapping distance 0.088583
[CALC] WARN start 125025000 mapping distance 0.088583
[CALC] WARN start 125025313 mapping distance 0.088583
[CALC] WARN start 125025319 mapping distance 0.088583
[CALC] WARN start 125025389 mapping distance 0.088583
[CALC] WARN start 125025442 mapping distance 0.088583
[CALC] WARN start 125025458 mapping distance 0.088583
[CALC] WARN start 125025466 mapping distance 0.088583
[CALC] WARN start 125025617 mapping distance 0.088583
[CALC] WARN start 125025650 mapping distance 0.088583
[CALC] WARN start 125025682 mapping distance 0.088583
[CALC] WARN start 125025717 mapping distance 0.088583
[CALC] WARN start 125025893 mapping distance 0.088583
[CALC] WARN start 125025966 mapping distance 0.088583
[CALC] WARN start 125026012 mapping distance 0.088583
[CALC] WARN start 125026013 mapping distance 0.088583
[CALC] WARN start 125026019 mapping distance 0.088583
[CALC] WARN start 125026020 mapping distance 0.088583
[CALC] WARN start 125026026 mapping distance 0.088583
[CALC] WARN start 125026027 mapping distance 0.088583
[CALC] WARN start 125026033 mapping distance 0.088583
[CALC] WARN start 125026034 mapping distance 0.088583
[CALC] WARN start 125026041 mapping distance 0.088583
[CALC] WARN start 125027641 mapping distance 0.088583
[CALC] WARN start 125027672 mapping distance 0.088583
[CALC] WARN start 125035318 mapping distance 2.019656
[CALC] WARN start 125035319 mapping distance 2.019656
[CALC] WARN start 125035320 mapping distance 2.019669
[CALC] WARN start 125035321 mapping distance 2.019682
[CALC] WARN start 125141033 mapping distance 2.404557
[CALC] WARN start 125141034 mapping distance 2.404557
[CALC] WARN start 125141035 mapping distance 2.404543
[CALC] WARN start 125141036 mapping distance 2.404531
[CALC] WARN start 125141096 mapping distance 0.912372
[CALC] WARN start 125141097 mapping distance 0.912372
[CALC] WARN start 125141098 mapping distance 0.912386
[CALC] WARN start 125141099 mapping distance 0.912398
[CALC] WARN start 125143028 mapping distance 2.253638
[CALC] WARN start 125143029 mapping distance 2.253638
[CALC] WARN start 125143030 mapping distance 2.253625
[CALC] WARN start 125143031 mapping distance 2.253612
[CALC] WARN start 125144227 mapping distance 0.912372
[CALC] WARN start 125144228 mapping distance 0.912372
[CALC] WARN start 125144229 mapping distance 0.912386
[CALC] WARN start 125144230 mapping distance 0.912398
[CALC] WARN start 125144976 mapping distance 2.265719
[CALC] WARN start 125144977 mapping distance 2.265719
[CALC] WARN start 125144978 mapping distance 2.265732
[CALC] WARN start 125144979 mapping distance 2.265745
[CALC] WARN start 125152207 mapping distance 2.175565
[CALC] WARN start 125205838 mapping distance 2.606316
[CALC] WARN start 125205839 mapping distance 2.606295
[CALC] WARN start 125255224 mapping distance 3.622490
[CALC] WARN start 125255748 mapping distance 0.074546
[CALC] WARN start 125255908 mapping distance 0.074546
[CALC] WARN start 125255985 mapping distance 2.591864
[CALC] WARN start 125257882 mapping distance 2.591864
[CALC] WARN start 125260329 mapping distance 2.591864
[CALC] WARN start 125262589 mapping distance 2.919948
[CALC] WARN start 125262726 mapping distance 2.305753
[CALC] WARN start 125262805 mapping distance 2.321194
[CALC] WARN start 125268752 mapping distance 0.088583
[CALC] WARN start 125271378 mapping distance 0.088583
[CALC] WARN start 125271459 mapping distance 0.088583
[CALC] WARN start 125272017 mapping distance 0.088583
[CALC] WARN start 125272160 mapping distance 0.088583
[CALC] WARN start 125272242 mapping distance 0.088583
[CALC] WARN start 125272248 mapping distance 0.088583
[CALC] WARN start 125272254 mapping distance 0.088583
[CALC] WARN start 125272260 mapping distance 0.088583
[CALC] WARN start 125272266 mapping distance 0.088583
[CALC] WARN start 125272377 mapping distance 0.088583
[CALC] WARN start 125272383 mapping distance 0.088583
[CALC] WARN start 125272389 mapping distance 0.088583
[CALC] WARN start 125272395 mapping distance 0.088583
[CALC] WARN start 125272415 mapping distance 0.088583
[CALC] WARN start 125272739 mapping distance 0.088583
[CALC] WARN start 125272785 mapping distance 0.088583
[CALC] WARN start 125272786 mapping distance 0.088583
[CALC] WARN start 125273243 mapping distance 0.088583
[CALC] WARN start 125273473 mapping distance 0.088583
[CALC] WARN start 125273481 mapping distance 0.088583
[CALC] WARN start 125273489 mapping distance 0.088583
[CALC] WARN start 125273585 mapping distance 0.088583
[CALC] WARN start 125273638 mapping distance 0.088583
[CALC] WARN start 125273644 mapping distance 0.088583
[CALC] WARN start 125273656 mapping distance 0.088583
[CALC] WARN start 125273863 mapping distance 0.088583
[CALC] WARN start 125273927 mapping distance 0.088583
[CALC] WARN start 125274083 mapping distance 0.088583
[CALC] WARN start 125274170 mapping distance 0.088583
[CALC] WARN start 125274213 mapping distance 0.088583
[CALC] WARN start 125274425 mapping distance 0.088583
[CALC] Mapped starts: 175
Wire.ByVertices - Warning: The wire is made of only one edge.
[CALC] Results written: C:\Users\JacksonAugusto\Documents\GitHub\WWTpyRevit\WWT Tools.extension\WWT Tools.tab\Work Set.panel\Cable Length Calculation.pushbutton\topologic_results.json
[CALC] Summary: 175 success / 175 total


=== calc_shortest.py | 2025-09-01 10:30:29 ===
STATUS: External OK rc=0
--- STDOUT ---
[CALC] Vertices:127 InfraEdges:124 DeviceEdges:2 TotalEdges:126 Starts:1
[CALC] Graph vertices: 126
[CALC] WARN end mapping distance 2.435737
[CALC] WARN start 125359484 mapping distance 2.321194
[CALC] Mapped starts: 1
[CALC] Results written: C:\Users\JacksonAugusto\Documents\GitHub\WWTpyRevit\WWT Tools.extension\WWT Tools.tab\Work Set.panel\Cable Length Calculation.pushbutton\topologic_results.json
[CALC] Summary: 1 success / 1 total


=== calc_shortest.py | 2025-09-01 10:34:20 ===
STATUS: External OK rc=0
--- STDOUT ---
[CALC] Vertices:127 InfraEdges:124 DeviceEdges:2 TotalEdges:126 Starts:1
[CALC] Graph vertices: 126
[CALC] WARN end mapping distance 2.435737
[CALC] WARN start 125359726 mapping distance 2.307344
[CALC] Mapped starts: 1
[CALC] Results written: C:\Users\JacksonAugusto\Documents\GitHub\WWTpyRevit\WWT Tools.extension\WWT Tools.tab\Work Set.panel\Cable Length Calculation.pushbutton\topologic_results.json
[CALC] Summary: 1 success / 1 total


=== calc_shortest.py | 2025-09-01 10:52:42 ===
STATUS: External OK rc=0
--- STDOUT ---
[CALC] Vertices:133 InfraEdges:126 DeviceEdges:6 TotalEdges:132 Starts:3
[CALC] Graph vertices: 132
[CALC] WARN end mapping distance 2.435737
[CALC] WARN start 125360206 mapping distance 2.321194
[CALC] WARN start 125360286 mapping distance 2.321194
[CALC] WARN start 125360505 mapping distance 2.321194
[CALC] Mapped starts: 3
[CALC] Results written: C:\Users\JacksonAugusto\Documents\GitHub\WWTpyRevit\WWT Tools.extension\WWT Tools.tab\Work Set.panel\Cable Length Calculation.pushbutton\topologic_results.json
[CALC] Summary: 3 success / 3 total


=== calc_shortest.py | 2025-09-01 11:12:42 ===
STATUS: External OK rc=0
--- STDOUT ---
[CALC] Vertices:136 InfraEdges:127 DeviceEdges:8 TotalEdges:135 Starts:4
[CALC] Graph vertices: 135
[CALC] WARN end mapping distance 2.435737
[CALC] WARN start 125360967 mapping distance 2.591864
[CALC] WARN start 125361030 mapping distance 2.591864
[CALC] WARN start 125361143 mapping distance 2.321194
[CALC] WARN start 125361184 mapping distance 2.321194
[CALC] Mapped starts: 4
[CALC] Results written: C:\Users\JacksonAugusto\Documents\GitHub\WWTpyRevit\WWT Tools.extension\WWT Tools.tab\Work Set.panel\Cable Length Calculation.pushbutton\topologic_results.json
[CALC] Summary: 4 success / 4 total


=== calc_shortest.py | 2025-09-02 13:13:23 ===
STATUS: External OK rc=0
--- STDOUT ---
[CALC] Vertices:633 InfraEdges:306 DeviceEdges:326 TotalEdges:632 Starts:207
[CALC] Graph vertices: 631
[CALC] WARN end mapping distance 0.656168
[CALC] WARN start 122527696 mapping distance 0.188648
[CALC] WARN start 123626455 mapping distance 2.591864
[CALC] WARN start 123626593 mapping distance 2.591864
[CALC] WARN start 123627399 mapping distance 1.201886
[CALC] WARN start 123631566 mapping distance 2.919948
[CALC] WARN start 123632658 mapping distance 3.606035
[CALC] WARN start 123638582 mapping distance 0.926837
[CALC] WARN start 123983342 mapping distance 2.034121
[CALC] WARN start 124021944 mapping distance 2.578020
[CALC] WARN start 124722440 mapping distance 0.142717
[CALC] WARN start 124722445 mapping distance 0.142717
[CALC] WARN start 124722446 mapping distance 0.142717
[CALC] WARN start 124722447 mapping distance 0.142717
[CALC] WARN start 124722501 mapping distance 0.142717
[CALC] WARN start 124722506 mapping distance 0.142717
[CALC] WARN start 124722507 mapping distance 0.142717
[CALC] WARN start 124722508 mapping distance 0.142717
[CALC] WARN start 124722509 mapping distance 0.142717
[CALC] WARN start 124722514 mapping distance 0.142717
[CALC] WARN start 124722515 mapping distance 0.142717
[CALC] WARN start 124722516 mapping distance 0.142717
[CALC] WARN start 124722517 mapping distance 0.142717
[CALC] WARN start 124722522 mapping distance 0.142717
[CALC] WARN start 124722523 mapping distance 0.142717
[CALC] WARN start 124722524 mapping distance 0.142717
[CALC] WARN start 124722525 mapping distance 0.142717
[CALC] WARN start 124722530 mapping distance 0.142717
[CALC] WARN start 124722531 mapping distance 0.142717
[CALC] WARN start 124722532 mapping distance 0.142717
[CALC] WARN start 124722533 mapping distance 0.142717
[CALC] WARN start 124722538 mapping distance 0.142717
[CALC] WARN start 124722539 mapping distance 0.142717
[CALC] WARN start 124722540 mapping distance 0.142717
[CALC] WARN start 124722541 mapping distance 0.142717
[CALC] WARN start 124722546 mapping distance 0.142717
[CALC] WARN start 124722547 mapping distance 0.142717
[CALC] WARN start 124722548 mapping distance 0.142717
[CALC] WARN start 124722726 mapping distance 0.142717
[CALC] WARN start 124722731 mapping distance 0.142717
[CALC] WARN start 124722732 mapping distance 0.142717
[CALC] WARN start 124722733 mapping distance 0.142717
[CALC] WARN start 124805400 mapping distance 2.321194
[CALC] WARN start 124838004 mapping distance 2.321194
[CALC] WARN start 124838291 mapping distance 2.321194
[CALC] WARN start 124838600 mapping distance 2.178139
[CALC] WARN start 124838999 mapping distance 2.321194
[CALC] WARN start 124839376 mapping distance 2.591864
[CALC] WARN start 124839749 mapping distance 2.591864
[CALC] WARN start 125008261 mapping distance 0.074546
[CALC] WARN start 125008782 mapping distance 0.122304
[CALC] WARN start 125008783 mapping distance 0.122304
[CALC] WARN start 125008915 mapping distance 0.074546
[CALC] WARN start 125014228 mapping distance 0.074546
[CALC] WARN start 125014430 mapping distance 0.074546
[CALC] WARN start 125014490 mapping distance 0.074546
[CALC] WARN start 125014606 mapping distance 0.074546
[CALC] WARN start 125014675 mapping distance 0.074546
[CALC] WARN start 125014944 mapping distance 0.074546
[CALC] WARN start 125015053 mapping distance 0.074546
[CALC] WARN start 125015133 mapping distance 0.074546
[CALC] WARN start 125015276 mapping distance 0.074546
[CALC] WARN start 125015403 mapping distance 0.074546
[CALC] WARN start 125015469 mapping distance 0.074546
[CALC] WARN start 125015844 mapping distance 0.074546
[CALC] WARN start 125016351 mapping distance 0.074546
[CALC] WARN start 125016352 mapping distance 0.074546
[CALC] WARN start 125016534 mapping distance 0.074546
[CALC] WARN start 125016535 mapping distance 0.074546
[CALC] WARN start 125017798 mapping distance 0.074546
[CALC] WARN start 125023109 mapping distance 0.088583
[CALC] WARN start 125023311 mapping distance 0.088583
[CALC] WARN start 125023327 mapping distance 0.088583
[CALC] WARN start 125023335 mapping distance 0.088583
[CALC] WARN start 125023343 mapping distance 0.088583
[CALC] WARN start 125023353 mapping distance 0.088583
[CALC] WARN start 125023516 mapping distance 0.088583
[CALC] WARN start 125023609 mapping distance 0.088583
[CALC] WARN start 125023617 mapping distance 0.088583
[CALC] WARN start 125023655 mapping distance 0.088583
[CALC] WARN start 125023671 mapping distance 0.088583
[CALC] WARN start 125023713 mapping distance 0.088583
[CALC] WARN start 125023721 mapping distance 0.088583
[CALC] WARN start 125023731 mapping distance 0.088583
[CALC] WARN start 125023813 mapping distance 0.088583
[CALC] WARN start 125023823 mapping distance 0.088583
[CALC] WARN start 125023839 mapping distance 0.088583
[CALC] WARN start 125023855 mapping distance 0.088583
[CALC] WARN start 125023865 mapping distance 0.088583
[CALC] WARN start 125024577 mapping distance 0.088583
[CALC] WARN start 125024625 mapping distance 0.088583
[CALC] WARN start 125024631 mapping distance 0.088583
[CALC] WARN start 125024637 mapping distance 0.088583
[CALC] WARN start 125024764 mapping distance 0.088583
[CALC] WARN start 125024780 mapping distance 0.088583
[CALC] WARN start 125024795 mapping distance 0.088583
[CALC] WARN start 125024853 mapping distance 0.088583
[CALC] WARN start 125024967 mapping distance 0.088583
[CALC] WARN start 125024968 mapping distance 0.088583
[CALC] WARN start 125025000 mapping distance 0.088583
[CALC] WARN start 125025313 mapping distance 0.088583
[CALC] WARN start 125025319 mapping distance 0.088583
[CALC] WARN start 125025389 mapping distance 0.088583
[CALC] WARN start 125025442 mapping distance 0.088583
[CALC] WARN start 125025458 mapping distance 0.088583
[CALC] WARN start 125025466 mapping distance 0.088583
[CALC] WARN start 125025617 mapping distance 0.088583
[CALC] WARN start 125025650 mapping distance 0.088583
[CALC] WARN start 125025682 mapping distance 0.088583
[CALC] WARN start 125025717 mapping distance 0.088583
[CALC] WARN start 125025893 mapping distance 0.088583
[CALC] WARN start 125025966 mapping distance 0.088583
[CALC] WARN start 125026012 mapping distance 0.088583
[CALC] WARN start 125026013 mapping distance 0.088583
[CALC] WARN start 125026019 mapping distance 0.088583
[CALC] WARN start 125026020 mapping distance 0.088583
[CALC] WARN start 125026026 mapping distance 0.088583
[CALC] WARN start 125026027 mapping distance 0.088583
[CALC] WARN start 125026033 mapping distance 0.088583
[CALC] WARN start 125026034 mapping distance 0.088583
[CALC] WARN start 125026041 mapping distance 0.088583
[CALC] WARN start 125027641 mapping distance 0.088583
[CALC] WARN start 125027672 mapping distance 0.088583
[CALC] WARN start 125035318 mapping distance 2.009659
[CALC] WARN start 125035319 mapping distance 2.007095
[CALC] WARN start 125035320 mapping distance 2.007123
[CALC] WARN start 125035321 mapping distance 2.009713
[CALC] WARN start 125141030 mapping distance 2.377235
[CALC] WARN start 125141033 mapping distance 2.404557
[CALC] WARN start 125141034 mapping distance 2.404557
[CALC] WARN start 125141035 mapping distance 2.404543
[CALC] WARN start 125141036 mapping distance 2.404531
[CALC] WARN start 125141093 mapping distance 1.008858
[CALC] WARN start 125141096 mapping distance 0.989041
[CALC] WARN start 125141097 mapping distance 0.983820
[CALC] WARN start 125141098 mapping distance 0.983848
[CALC] WARN start 125141099 mapping distance 0.989094
[CALC] WARN start 125143025 mapping distance 2.226425
[CALC] WARN start 125143028 mapping distance 2.253638
[CALC] WARN start 125143029 mapping distance 2.253638
[CALC] WARN start 125143030 mapping distance 2.253625
[CALC] WARN start 125143031 mapping distance 2.253612
[CALC] WARN start 125144227 mapping distance 0.907843
[CALC] WARN start 125144228 mapping distance 0.902153
[CALC] WARN start 125144229 mapping distance 0.902181
[CALC] WARN start 125144230 mapping distance 0.907897
[CALC] WARN start 125144973 mapping distance 2.280184
[CALC] WARN start 125144976 mapping distance 2.255235
[CALC] WARN start 125144977 mapping distance 2.252950
[CALC] WARN start 125144978 mapping distance 2.252978
[CALC] WARN start 125144979 mapping distance 2.255288
[CALC] WARN start 125152207 mapping distance 2.175565
[CALC] WARN start 125205838 mapping distance 2.606316
[CALC] WARN start 125205839 mapping distance 2.606295
[CALC] WARN start 125206810 mapping distance 0.566641
[CALC] WARN start 125255748 mapping distance 0.074546
[CALC] WARN start 125255908 mapping distance 0.074546
[CALC] WARN start 125268752 mapping distance 0.088583
[CALC] WARN start 125271378 mapping distance 0.088583
[CALC] WARN start 125271459 mapping distance 0.088583
[CALC] WARN start 125272017 mapping distance 0.088583
[CALC] WARN start 125272160 mapping distance 0.088583
[CALC] WARN start 125272242 mapping distance 0.088583
[CALC] WARN start 125272248 mapping distance 0.088583
[CALC] WARN start 125272254 mapping distance 0.088583
[CALC] WARN start 125272260 mapping distance 0.088583
[CALC] WARN start 125272266 mapping distance 0.088583
[CALC] WARN start 125272377 mapping distance 0.088583
[CALC] WARN start 125272383 mapping distance 0.088583
[CALC] WARN start 125272389 mapping distance 0.088583
[CALC] WARN start 125272395 mapping distance 0.088583
[CALC] WARN start 125272415 mapping distance 0.088583
[CALC] WARN start 125272739 mapping distance 0.088583
[CALC] WARN start 125272785 mapping distance 0.088583
[CALC] WARN start 125272786 mapping distance 0.088583
[CALC] WARN start 125273243 mapping distance 0.088583
[CALC] WARN start 125273473 mapping distance 0.088583
[CALC] WARN start 125273481 mapping distance 0.088583
[CALC] WARN start 125273489 mapping distance 0.088583
[CALC] WARN start 125273585 mapping distance 0.088583
[CALC] WARN start 125273638 mapping distance 0.088583
[CALC] WARN start 125273644 mapping distance 0.088583
[CALC] WARN start 125273656 mapping distance 0.088583
[CALC] WARN start 125273863 mapping distance 0.088583
[CALC] WARN start 125273927 mapping distance 0.088583
[CALC] WARN start 125274083 mapping distance 0.088583
[CALC] WARN start 125274170 mapping distance 0.088583
[CALC] WARN start 125274213 mapping distance 0.088583
[CALC] WARN start 125274425 mapping distance 0.088583
[CALC] WARN start 125284609 mapping distance 2.321194
[CALC] WARN start 125285173 mapping distance 2.321194
[CALC] WARN start 125285334 mapping distance 2.321194
[CALC] WARN start 125414415 mapping distance 2.591864
[CALC] WARN start 125414417 mapping distance 2.591864
[CALC] WARN start 125414419 mapping distance 1.130447
[CALC] WARN start 125414421 mapping distance 2.919948
[CALC] WARN start 125414422 mapping distance 3.579402
[CALC] WARN start 125414426 mapping distance 2.321194
[CALC] WARN start 125414428 mapping distance 2.321194
[CALC] WARN start 125414430 mapping distance 2.321194
[CALC] WARN start 125414432 mapping distance 2.110725
[CALC] WARN start 125414433 mapping distance 2.321194
[CALC] WARN start 125414435 mapping distance 2.591864
[CALC] WARN start 125414436 mapping distance 2.591864
[CALC] WARN start 125414439 mapping distance 0.485938
[CALC] WARN start 125414441 mapping distance 2.321194
[CALC] WARN start 125414442 mapping distance 2.321194
[CALC] WARN start 125414443 mapping distance 2.321194
[CALC] Mapped starts: 207
Wire.ByVertices - Warning: The wire is made of only one edge.
Wire.ByVertices - Warning: The wire is made of only one edge.
[CALC] Results written: C:\Users\JacksonAugusto\Documents\GitHub\WWTpyRevit\WWT Tools.extension\WWT Tools.tab\Work Set.panel\Cable Length Calculation.pushbutton\topologic_results.json
[CALC] Summary: 207 success / 207 total

